<?xml version="1.0"?>
<testsuites>
<testsuite name="Root Suite" timestamp="2022-12-13T12:41:15" tests="0" file="cypress/e2e/firstTest.spec.js" time="0.000" failures="0"/>
<testsuite name="Test with backend" timestamp="2022-12-13T12:41:15" tests="7" time="17.582" failures="0">
  
  <testcase name="Test with backend verify correct request and response" time="3.825" classname="verify correct request and response"/>
  
  <testcase name="Test with backend Delete first global article" time="2.732" classname="Delete first global article"/>
  
  <testcase name="Test with backend intercepting and modyfing the req and resp" time="2.977" classname="intercepting and modyfing the req and resp"/>
  
  <testcase name="Test with backend Delete first global article" time="2.565" classname="Delete first global article"/>
  
  <testcase name="Test with backend verify popular tags are displayed" time="1.197" classname="verify popular tags are displayed"/>
  
  <testcase name="Test with backend verify global feed likes count" time="1.226" classname="verify global feed likes count"/>
  
  <testcase name="Test with backend delete a new article in a global feed" time="2.954" classname="delete a new article in a global feed"/>
  
</testsuite>
<testsuite name="Root Suite" timestamp="2022-12-13T12:41:34" tests="0" file="cypress/e2e/logout.spec.js" time="0.000" failures="0"/>
<testsuite name="Test log out functionality" timestamp="2022-12-13T12:41:34" tests="1" time="1.697" failures="0">
  
  <testcase name="Test log out functionality verify use can log out successfully" time="1.671" classname="verify use can log out successfully"/>
  
</testsuite>

<testsuite name="Root Suite" timestamp="2022-12-13T12:41:15" tests="0" file="cypress/e2e/firstTest.spec.js" time="0.000" failures="0"></testsuite>
<testsuite name="Test with backend" timestamp="2022-12-13T12:41:15" tests="7" time="17.582" failures="0">
  
  <testcase name="Test with backend verify correct request and response" time="3.825" classname="verify correct request and response"></testcase>
  
  <testcase name="Test with backend Delete first global article" time="2.732" classname="Delete first global article"></testcase>
  
  <testcase name="Test with backend intercepting and modyfing the req and resp" time="2.977" classname="intercepting and modyfing the req and resp"></testcase>
  
  <testcase name="Test with backend Delete first global article" time="2.565" classname="Delete first global article"></testcase>
  
  <testcase name="Test with backend verify popular tags are displayed" time="1.197" classname="verify popular tags are displayed"></testcase>
  
  <testcase name="Test with backend verify global feed likes count" time="1.226" classname="verify global feed likes count"></testcase>
  
  <testcase name="Test with backend delete a new article in a global feed" time="2.954" classname="delete a new article in a global feed"></testcase>
  
</testsuite>

<testsuite name="Root Suite" timestamp="2022-12-13T12:41:34" tests="0" file="cypress/e2e/logout.spec.js" time="0.000" failures="0"></testsuite>
<testsuite name="Test log out functionality" timestamp="2022-12-13T12:41:34" tests="1" time="1.697" failures="0">
  
  <testcase name="Test log out functionality verify use can log out successfully" time="1.671" classname="verify use can log out successfully"></testcase>
  
</testsuite>

</testsuites>